<?xml version="1.0" encoding="UTF-8"?>
<beans>
    <bean name="productRepository" class="pizza.product.HashMapProductRepository"/>
    <bean name="productService" class="pizza.product.ProductService"/>
</beans>